{"numFailedTestSuites":0,"numFailedTests":0,"numPassedTestSuites":9,"numPassedTests":57,"numPendingTestSuites":0,"numPendingTests":0,"numRuntimeErrorTestSuites":0,"numTodoTests":0,"numTotalTestSuites":9,"numTotalTests":57,"openHandles":[],"snapshot":{"added":0,"didUpdate":false,"failure":false,"filesAdded":0,"filesRemoved":0,"filesRemovedList":[],"filesUnmatched":0,"filesUpdated":0,"matched":0,"total":0,"unchecked":0,"uncheckedKeysByFile":[],"unmatched":0,"updated":0},"startTime":1772415693596,"success":true,"testResults":[{"assertionResults":[{"ancestorTitles":["Testing the array functions"],"failureMessages":[],"fullName":"Testing the array functions (3 pts) Testing the bookEndList function","location":null,"status":"passed","title":"(3 pts) Testing the bookEndList function"},{"ancestorTitles":["Testing the array functions"],"failureMessages":[],"fullName":"Testing the array functions (3 pts) Testing the tripleNumbers function","location":null,"status":"passed","title":"(3 pts) Testing the tripleNumbers function"},{"ancestorTitles":["Testing the array functions"],"failureMessages":[],"fullName":"Testing the array functions (3 pts) Testing the stringsToIntegers function","location":null,"status":"passed","title":"(3 pts) Testing the stringsToIntegers function"},{"ancestorTitles":["Testing the array functions"],"failureMessages":[],"fullName":"Testing the array functions (3 pts) Testing the removeDollars function","location":null,"status":"passed","title":"(3 pts) Testing the removeDollars function"},{"ancestorTitles":["Testing the array functions"],"failureMessages":[],"fullName":"Testing the array functions (3 pts) Testing the shoutIfExclaiming function","location":null,"status":"passed","title":"(3 pts) Testing the shoutIfExclaiming function"},{"ancestorTitles":["Testing the array functions"],"failureMessages":[],"fullName":"Testing the array functions (3 pts) Testing the countShortWords function","location":null,"status":"passed","title":"(3 pts) Testing the countShortWords function"},{"ancestorTitles":["Testing the array functions"],"failureMessages":[],"fullName":"Testing the array functions (3 pts) Testing the allRGB function","location":null,"status":"passed","title":"(3 pts) Testing the allRGB function"},{"ancestorTitles":["Testing the array functions"],"failureMessages":[],"fullName":"Testing the array functions (3 pts) Testing the makeMath function","location":null,"status":"passed","title":"(3 pts) Testing the makeMath function"},{"ancestorTitles":["Testing the array functions"],"failureMessages":[],"fullName":"Testing the array functions (3 pts) Testing the injectPositive function","location":null,"status":"passed","title":"(3 pts) Testing the injectPositive function"}],"endTime":1772415704363,"message":"","name":"C:\\Users\\steve\\OneDrive\\Desktop\\tasks\\src\\arrays.test.ts","startTime":1772415700265,"status":"passed","summary":""},{"assertionResults":[{"ancestorTitles":["Testing the Question[] functions"],"failureMessages":[],"fullName":"Testing the Question[] functions (3 pts) Testing the getPublishedQuestions function","location":null,"status":"passed","title":"(3 pts) Testing the getPublishedQuestions function"},{"ancestorTitles":["Testing the Question[] functions"],"failureMessages":[],"fullName":"Testing the Question[] functions (3 pts) Testing the getNonEmptyQuestions functions","location":null,"status":"passed","title":"(3 pts) Testing the getNonEmptyQuestions functions"},{"ancestorTitles":["Testing the Question[] functions"],"failureMessages":[],"fullName":"Testing the Question[] functions (3 pts) Testing the findQuestion function","location":null,"status":"passed","title":"(3 pts) Testing the findQuestion function"},{"ancestorTitles":["Testing the Question[] functions"],"failureMessages":[],"fullName":"Testing the Question[] functions (3 pts) Testing the removeQuestion","location":null,"status":"passed","title":"(3 pts) Testing the removeQuestion"},{"ancestorTitles":["Testing the Question[] functions"],"failureMessages":[],"fullName":"Testing the Question[] functions (3 pts) Testing the getNames function","location":null,"status":"passed","title":"(3 pts) Testing the getNames function"},{"ancestorTitles":["Testing the Question[] functions"],"failureMessages":[],"fullName":"Testing the Question[] functions (3 pts) Testing the makeAnswers function","location":null,"status":"passed","title":"(3 pts) Testing the makeAnswers function"},{"ancestorTitles":["Testing the Question[] functions"],"failureMessages":[],"fullName":"Testing the Question[] functions (3 pts) Testing the publishAll function","location":null,"status":"passed","title":"(3 pts) Testing the publishAll function"},{"ancestorTitles":["Testing the Question[] functions"],"failureMessages":[],"fullName":"Testing the Question[] functions (3 pts) Testing the addNewQuestion function","location":null,"status":"passed","title":"(3 pts) Testing the addNewQuestion function"},{"ancestorTitles":["Testing the Question[] functions"],"failureMessages":[],"fullName":"Testing the Question[] functions (3 pts) Testing the renameQuestionById function","location":null,"status":"passed","title":"(3 pts) Testing the renameQuestionById function"},{"ancestorTitles":["Testing the Question[] functions"],"failureMessages":[],"fullName":"Testing the Question[] functions (3 pts) Testing the editOption function","location":null,"status":"passed","title":"(3 pts) Testing the editOption function"}],"endTime":1772415705068,"message":"","name":"C:\\Users\\steve\\OneDrive\\Desktop\\tasks\\src\\nested.test.ts","startTime":1772415704477,"status":"passed","summary":""},{"assertionResults":[{"ancestorTitles":["Counter Component tests"],"failureMessages":[],"fullName":"Counter Component tests (1 pts) The initial value is 0","location":null,"status":"passed","title":"(1 pts) The initial value is 0"},{"ancestorTitles":["Counter Component tests"],"failureMessages":[],"fullName":"Counter Component tests (1 pts) The initial value is not 1","location":null,"status":"passed","title":"(1 pts) The initial value is not 1"},{"ancestorTitles":["Counter Component tests"],"failureMessages":[],"fullName":"Counter Component tests (1 pts) There is a button named Add One","location":null,"status":"passed","title":"(1 pts) There is a button named Add One"},{"ancestorTitles":["Counter Component tests"],"failureMessages":[],"fullName":"Counter Component tests (1 pts) Clicking the button once adds one","location":null,"status":"passed","title":"(1 pts) Clicking the button once adds one"},{"ancestorTitles":["Counter Component tests"],"failureMessages":[],"fullName":"Counter Component tests (1 pts) Clicking the button twice adds two","location":null,"status":"passed","title":"(1 pts) Clicking the button twice adds two"}],"endTime":1772415707164,"message":"","name":"C:\\Users\\steve\\OneDrive\\Desktop\\tasks\\src\\components\\Counter.test.tsx","startTime":1772415705104,"status":"passed","summary":""},{"assertionResults":[{"ancestorTitles":["ChangeType Component tests"],"failureMessages":[],"fullName":"ChangeType Component tests (1 pts) The initial type is Short Answer","location":null,"status":"passed","title":"(1 pts) The initial type is Short Answer"},{"ancestorTitles":["ChangeType Component tests"],"failureMessages":[],"fullName":"ChangeType Component tests (1 pts) The initial type is not Multiple Choice","location":null,"status":"passed","title":"(1 pts) The initial type is not Multiple Choice"},{"ancestorTitles":["ChangeType Component tests"],"failureMessages":[],"fullName":"ChangeType Component tests (1 pts) There is a button labeled Change Type","location":null,"status":"passed","title":"(1 pts) There is a button labeled Change Type"},{"ancestorTitles":["ChangeType Component tests"],"failureMessages":[],"fullName":"ChangeType Component tests (1 pts) Clicking the button changes the type.","location":null,"status":"passed","title":"(1 pts) Clicking the button changes the type."},{"ancestorTitles":["ChangeType Component tests"],"failureMessages":[],"fullName":"ChangeType Component tests (1 pts) Clicking the button twice keeps the type the same.","location":null,"status":"passed","title":"(1 pts) Clicking the button twice keeps the type the same."}],"endTime":1772415708889,"message":"","name":"C:\\Users\\steve\\OneDrive\\Desktop\\tasks\\src\\components\\ChangeType.test.tsx","startTime":1772415700243,"status":"passed","summary":""},{"assertionResults":[{"ancestorTitles":["RevealAnswer Component tests"],"failureMessages":[],"fullName":"RevealAnswer Component tests (1 pts) The answer '42' is not visible initially","location":null,"status":"passed","title":"(1 pts) The answer '42' is not visible initially"},{"ancestorTitles":["RevealAnswer Component tests"],"failureMessages":[],"fullName":"RevealAnswer Component tests (1 pts) There is a Reveal Answer button","location":null,"status":"passed","title":"(1 pts) There is a Reveal Answer button"},{"ancestorTitles":["RevealAnswer Component tests"],"failureMessages":[],"fullName":"RevealAnswer Component tests (1 pts) Clicking Reveal Answer button reveals the '42'","location":null,"status":"passed","title":"(1 pts) Clicking Reveal Answer button reveals the '42'"},{"ancestorTitles":["RevealAnswer Component tests"],"failureMessages":[],"fullName":"RevealAnswer Component tests (1 pts) Clicking Reveal Answer button twice hides the '42'","location":null,"status":"passed","title":"(1 pts) Clicking Reveal Answer button twice hides the '42'"}],"endTime":1772415708894,"message":"","name":"C:\\Users\\steve\\OneDrive\\Desktop\\tasks\\src\\components\\RevealAnswer.test.tsx","startTime":1772415700236,"status":"passed","summary":""},{"assertionResults":[{"ancestorTitles":["Testing the object functions"],"failureMessages":[],"fullName":"Testing the object functions (3 pts) Testing the makeBlankQuestion function","location":null,"status":"passed","title":"(3 pts) Testing the makeBlankQuestion function"},{"ancestorTitles":["Testing the object functions"],"failureMessages":[],"fullName":"Testing the object functions (3 pts) Testing the isCorrect function","location":null,"status":"passed","title":"(3 pts) Testing the isCorrect function"},{"ancestorTitles":["Testing the object functions"],"failureMessages":[],"fullName":"Testing the object functions (3 pts) Testing the isValid function","location":null,"status":"passed","title":"(3 pts) Testing the isValid function"},{"ancestorTitles":["Testing the object functions"],"failureMessages":[],"fullName":"Testing the object functions (3 pts) Testing the toShortForm function","location":null,"status":"passed","title":"(3 pts) Testing the toShortForm function"},{"ancestorTitles":["Testing the object functions"],"failureMessages":[],"fullName":"Testing the object functions (3 pts) Testing the toMarkdown function","location":null,"status":"passed","title":"(3 pts) Testing the toMarkdown function"},{"ancestorTitles":["Testing the object functions"],"failureMessages":[],"fullName":"Testing the object functions (3 pts) Testing the renameQuestion function","location":null,"status":"passed","title":"(3 pts) Testing the renameQuestion function"},{"ancestorTitles":["Testing the object functions"],"failureMessages":[],"fullName":"Testing the object functions (3 pts) Testing the publishQuestion function","location":null,"status":"passed","title":"(3 pts) Testing the publishQuestion function"},{"ancestorTitles":["Testing the object functions"],"failureMessages":[],"fullName":"Testing the object functions (3 pts) Testing the duplicateQuestion function","location":null,"status":"passed","title":"(3 pts) Testing the duplicateQuestion function"},{"ancestorTitles":["Testing the object functions"],"failureMessages":[],"fullName":"Testing the object functions (3 pts) Testing the addOption function","location":null,"status":"passed","title":"(3 pts) Testing the addOption function"},{"ancestorTitles":["Testing the object functions"],"failureMessages":[],"fullName":"Testing the object functions (3 pts) Testing the mergeQuestion function","location":null,"status":"passed","title":"(3 pts) Testing the mergeQuestion function"}],"endTime":1772415709500,"message":"","name":"C:\\Users\\steve\\OneDrive\\Desktop\\tasks\\src\\objects.test.ts","startTime":1772415708937,"status":"passed","summary":""},{"assertionResults":[{"ancestorTitles":[],"failureMessages":[],"fullName":"renders the course name somewhere","location":null,"status":"passed","title":"renders the course name somewhere"}],"endTime":1772415710021,"message":"","name":"C:\\Users\\steve\\OneDrive\\Desktop\\tasks\\src\\App.test.tsx","startTime":1772415708928,"status":"passed","summary":""},{"assertionResults":[{"ancestorTitles":["Testing the basic functions"],"failureMessages":[],"fullName":"Testing the basic functions (3 pts) Testing the fahrenheitToCelius function","location":null,"status":"passed","title":"(3 pts) Testing the fahrenheitToCelius function"},{"ancestorTitles":["Testing the basic functions"],"failureMessages":[],"fullName":"Testing the basic functions (3 pts) Testing the add3 function","location":null,"status":"passed","title":"(3 pts) Testing the add3 function"},{"ancestorTitles":["Testing the basic functions"],"failureMessages":[],"fullName":"Testing the basic functions (3 pts) Testing the shout function","location":null,"status":"passed","title":"(3 pts) Testing the shout function"},{"ancestorTitles":["Testing the basic functions"],"failureMessages":[],"fullName":"Testing the basic functions (3 pts) Testing the isQuestion function","location":null,"status":"passed","title":"(3 pts) Testing the isQuestion function"},{"ancestorTitles":["Testing the basic functions"],"failureMessages":[],"fullName":"Testing the basic functions (3 pts) Testing the convertYesNo function","location":null,"status":"passed","title":"(3 pts) Testing the convertYesNo function"}],"endTime":1772415710059,"message":"","name":"C:\\Users\\steve\\OneDrive\\Desktop\\tasks\\src\\functions.test.ts","startTime":1772415709527,"status":"passed","summary":""},{"assertionResults":[{"ancestorTitles":["TwoDice Component tests"],"failureMessages":[],"fullName":"TwoDice Component tests (1 pts) There is a `left-die` and `right-die` testid","location":null,"status":"passed","title":"(1 pts) There is a `left-die` and `right-die` testid"},{"ancestorTitles":["TwoDice Component tests"],"failureMessages":[],"fullName":"TwoDice Component tests (1 pts) The `left-die` and `right-die` are two different numbers","location":null,"status":"passed","title":"(1 pts) The `left-die` and `right-die` are two different numbers"},{"ancestorTitles":["TwoDice Component tests"],"failureMessages":[],"fullName":"TwoDice Component tests (1 pts) There are two buttons present","location":null,"status":"passed","title":"(1 pts) There are two buttons present"},{"ancestorTitles":["TwoDice Component tests"],"failureMessages":[],"fullName":"TwoDice Component tests (1 pts) Clicking left button changes first number","location":null,"status":"passed","title":"(1 pts) Clicking left button changes first number"},{"ancestorTitles":["TwoDice Component tests"],"failureMessages":[],"fullName":"TwoDice Component tests (1 pts) Clicking right button changes second number","location":null,"status":"passed","title":"(1 pts) Clicking right button changes second number"},{"ancestorTitles":["TwoDice Component tests"],"failureMessages":[],"fullName":"TwoDice Component tests (1 pts) Rolling two different numbers does not win or lose the game","location":null,"status":"passed","title":"(1 pts) Rolling two different numbers does not win or lose the game"},{"ancestorTitles":["TwoDice Component tests"],"failureMessages":[],"fullName":"TwoDice Component tests (1 pts) Getting snake eyes loses the game","location":null,"status":"passed","title":"(1 pts) Getting snake eyes loses the game"},{"ancestorTitles":["TwoDice Component tests"],"failureMessages":[],"fullName":"TwoDice Component tests (1 pts) Getting matching numbers wins the game","location":null,"status":"passed","title":"(1 pts) Getting matching numbers wins the game"}],"endTime":1772415711313,"message":"","name":"C:\\Users\\steve\\OneDrive\\Desktop\\tasks\\src\\components\\TwoDice.test.tsx","startTime":1772415707189,"status":"passed","summary":""}],"wasInterrupted":false,"coverageMap":{"C:\\Users\\steve\\OneDrive\\Desktop\\tasks\\src\\arrays.ts":{"path":"C:\\Users\\steve\\OneDrive\\Desktop\\tasks\\src\\arrays.ts","statementMap":{"0":{"start":{"line":9,"column":17},"end":{"line":9,"column":29}},"1":{"start":{"line":10,"column":16},"end":{"line":10,"column":27}},"2":{"start":{"line":13,"column":4},"end":{"line":19,"column":5}},"3":{"start":{"line":14,"column":8},"end":{"line":14,"column":18}},"4":{"start":{"line":15,"column":11},"end":{"line":19,"column":5}},"5":{"start":{"line":16,"column":8},"end":{"line":16,"column":34}},"6":{"start":{"line":18,"column":8},"end":{"line":18,"column":40}},"7":{"start":{"line":28,"column":17},"end":{"line":28,"column":29}},"8":{"start":{"line":31,"column":4},"end":{"line":31,"column":38}},"9":{"start":{"line":31,"column":29},"end":{"line":31,"column":36}},"10":{"start":{"line":40,"column":17},"end":{"line":40,"column":29}},"11":{"start":{"line":43,"column":4},"end":{"line":54,"column":7}},"12":{"start":{"line":45,"column":8},"end":{"line":47,"column":9}},"13":{"start":{"line":46,"column":12},"end":{"line":46,"column":21}},"14":{"start":{"line":50,"column":20},"end":{"line":50,"column":37}},"15":{"start":{"line":53,"column":8},"end":{"line":53,"column":43}},"16":{"start":{"line":64,"column":29},"end":{"line":83,"column":1}},"17":{"start":{"line":66,"column":17},"end":{"line":66,"column":29}},"18":{"start":{"line":69,"column":4},"end":{"line":82,"column":7}},"19":{"start":{"line":71,"column":8},"end":{"line":73,"column":9}},"20":{"start":{"line":72,"column":12},"end":{"line":72,"column":21}},"21":{"start":{"line":75,"column":22},"end":{"line":75,"column":52}},"22":{"start":{"line":78,"column":18},"end":{"line":78,"column":39}},"23":{"start":{"line":81,"column":8},"end":{"line":81,"column":36}},"24":{"start":{"line":90,"column":33},"end":{"line":102,"column":1}},"25":{"start":{"line":92,"column":17},"end":{"line":92,"column":30}},"26":{"start":{"line":93,"column":4},"end":{"line":101,"column":11}},"27":{"start":{"line":96,"column":12},"end":{"line":96,"column":72}},"28":{"start":{"line":100,"column":12},"end":{"line":100,"column":70}},"29":{"start":{"line":110,"column":17},"end":{"line":110,"column":27}},"30":{"start":{"line":114,"column":4},"end":{"line":116,"column":14}},"31":{"start":{"line":115,"column":8},"end":{"line":115,"column":59}},"32":{"start":{"line":126,"column":17},"end":{"line":126,"column":28}},"33":{"start":{"line":128,"column":26},"end":{"line":128,"column":59}},"34":{"start":{"line":131,"column":4},"end":{"line":134,"column":6}},"35":{"start":{"line":133,"column":12},"end":{"line":133,"column":79}},"36":{"start":{"line":146,"column":17},"end":{"line":146,"column":29}},"37":{"start":{"line":149,"column":4},"end":{"line":151,"column":5}},"38":{"start":{"line":150,"column":8},"end":{"line":150,"column":21}},"39":{"start":{"line":154,"column":16},"end":{"line":154,"column":55}},"40":{"start":{"line":154,"column":42},"end":{"line":154,"column":51}},"41":{"start":{"line":157,"column":23},"end":{"line":157,"column":37}},"42":{"start":{"line":160,"column":4},"end":{"line":160,"column":34}},"43":{"start":{"line":174,"column":17},"end":{"line":174,"column":28}},"44":{"start":{"line":177,"column":26},"end":{"line":177,"column":58}},"45":{"start":{"line":177,"column":50},"end":{"line":177,"column":57}},"46":{"start":{"line":180,"column":4},"end":{"line":195,"column":5}},"47":{"start":{"line":182,"column":20},"end":{"line":182,"column":59}},"48":{"start":{"line":182,"column":46},"end":{"line":182,"column":55}},"49":{"start":{"line":183,"column":8},"end":{"line":183,"column":30}},"50":{"start":{"line":186,"column":29},"end":{"line":188,"column":47}},"51":{"start":{"line":188,"column":34},"end":{"line":188,"column":43}},"52":{"start":{"line":190,"column":8},"end":{"line":194,"column":10}}},"fnMap":{"0":{"name":"bookEndList","decl":{"start":{"line":7,"column":16},"end":{"line":7,"column":27}},"loc":{"start":{"line":7,"column":57},"end":{"line":20,"column":1}},"line":7},"1":{"name":"tripleNumbers","decl":{"start":{"line":26,"column":16},"end":{"line":26,"column":29}},"loc":{"start":{"line":26,"column":59},"end":{"line":32,"column":1}},"line":26},"2":{"name":"(anonymous_2)","decl":{"start":{"line":31,"column":20},"end":{"line":31,"column":21}},"loc":{"start":{"line":31,"column":29},"end":{"line":31,"column":36}},"line":31},"3":{"name":"stringsToIntegers","decl":{"start":{"line":38,"column":16},"end":{"line":38,"column":33}},"loc":{"start":{"line":38,"column":63},"end":{"line":55,"column":1}},"line":38},"4":{"name":"(anonymous_4)","decl":{"start":{"line":43,"column":20},"end":{"line":43,"column":21}},"loc":{"start":{"line":43,"column":29},"end":{"line":54,"column":5}},"line":43},"5":{"name":"(anonymous_5)","decl":{"start":{"line":64,"column":29},"end":{"line":64,"column":30}},"loc":{"start":{"line":64,"column":62},"end":{"line":83,"column":1}},"line":64},"6":{"name":"(anonymous_6)","decl":{"start":{"line":69,"column":20},"end":{"line":69,"column":21}},"loc":{"start":{"line":69,"column":30},"end":{"line":82,"column":5}},"line":69},"7":{"name":"(anonymous_7)","decl":{"start":{"line":90,"column":33},"end":{"line":90,"column":34}},"loc":{"start":{"line":90,"column":67},"end":{"line":102,"column":1}},"line":90},"8":{"name":"(anonymous_8)","decl":{"start":{"line":94,"column":16},"end":{"line":94,"column":17}},"loc":{"start":{"line":94,"column":25},"end":{"line":97,"column":9}},"line":94},"9":{"name":"(anonymous_9)","decl":{"start":{"line":98,"column":13},"end":{"line":98,"column":14}},"loc":{"start":{"line":98,"column":22},"end":{"line":101,"column":9}},"line":98},"10":{"name":"countShortWords","decl":{"start":{"line":108,"column":16},"end":{"line":108,"column":31}},"loc":{"start":{"line":108,"column":57},"end":{"line":117,"column":1}},"line":108},"11":{"name":"(anonymous_11)","decl":{"start":{"line":114,"column":23},"end":{"line":114,"column":24}},"loc":{"start":{"line":114,"column":33},"end":{"line":116,"column":5}},"line":114},"12":{"name":"allRGB","decl":{"start":{"line":124,"column":16},"end":{"line":124,"column":22}},"loc":{"start":{"line":124,"column":50},"end":{"line":135,"column":1}},"line":124},"13":{"name":"(anonymous_13)","decl":{"start":{"line":132,"column":8},"end":{"line":132,"column":9}},"loc":{"start":{"line":133,"column":12},"end":{"line":133,"column":79}},"line":133},"14":{"name":"makeMath","decl":{"start":{"line":144,"column":16},"end":{"line":144,"column":24}},"loc":{"start":{"line":144,"column":52},"end":{"line":161,"column":1}},"line":144},"15":{"name":"(anonymous_15)","decl":{"start":{"line":154,"column":28},"end":{"line":154,"column":29}},"loc":{"start":{"line":154,"column":42},"end":{"line":154,"column":51}},"line":154},"16":{"name":"injectPositive","decl":{"start":{"line":172,"column":16},"end":{"line":172,"column":30}},"loc":{"start":{"line":172,"column":59},"end":{"line":197,"column":1}},"line":172},"17":{"name":"(anonymous_17)","decl":{"start":{"line":177,"column":41},"end":{"line":177,"column":42}},"loc":{"start":{"line":177,"column":50},"end":{"line":177,"column":57}},"line":177},"18":{"name":"(anonymous_18)","decl":{"start":{"line":182,"column":32},"end":{"line":182,"column":33}},"loc":{"start":{"line":182,"column":46},"end":{"line":182,"column":55}},"line":182},"19":{"name":"(anonymous_19)","decl":{"start":{"line":188,"column":20},"end":{"line":188,"column":21}},"loc":{"start":{"line":188,"column":34},"end":{"line":188,"column":43}},"line":188}},"branchMap":{"0":{"loc":{"start":{"line":13,"column":4},"end":{"line":19,"column":5}},"type":"if","locations":[{"start":{"line":13,"column":4},"end":{"line":19,"column":5}},{"start":{"line":15,"column":11},"end":{"line":19,"column":5}}],"line":13},"1":{"loc":{"start":{"line":15,"column":11},"end":{"line":19,"column":5}},"type":"if","locations":[{"start":{"line":15,"column":11},"end":{"line":19,"column":5}},{"start":{"line":17,"column":11},"end":{"line":19,"column":5}}],"line":15},"2":{"loc":{"start":{"line":45,"column":8},"end":{"line":47,"column":9}},"type":"if","locations":[{"start":{"line":45,"column":8},"end":{"line":47,"column":9}},{"start":{},"end":{}}],"line":45},"3":{"loc":{"start":{"line":53,"column":15},"end":{"line":53,"column":42}},"type":"cond-expr","locations":[{"start":{"line":53,"column":35},"end":{"line":53,"column":36}},{"start":{"line":53,"column":39},"end":{"line":53,"column":42}}],"line":53},"4":{"loc":{"start":{"line":71,"column":8},"end":{"line":73,"column":9}},"type":"if","locations":[{"start":{"line":71,"column":8},"end":{"line":73,"column":9}},{"start":{},"end":{}}],"line":71},"5":{"loc":{"start":{"line":81,"column":15},"end":{"line":81,"column":35}},"type":"cond-expr","locations":[{"start":{"line":81,"column":28},"end":{"line":81,"column":29}},{"start":{"line":81,"column":32},"end":{"line":81,"column":35}}],"line":81},"6":{"loc":{"start":{"line":96,"column":19},"end":{"line":96,"column":71}},"type":"binary-expr","locations":[{"start":{"line":96,"column":19},"end":{"line":96,"column":42}},{"start":{"line":96,"column":46},"end":{"line":96,"column":71}}],"line":96},"7":{"loc":{"start":{"line":100,"column":19},"end":{"line":100,"column":69}},"type":"cond-expr","locations":[{"start":{"line":100,"column":46},"end":{"line":100,"column":63}},{"start":{"line":100,"column":66},"end":{"line":100,"column":69}}],"line":100},"8":{"loc":{"start":{"line":115,"column":15},"end":{"line":115,"column":58}},"type":"binary-expr","locations":[{"start":{"line":115,"column":15},"end":{"line":115,"column":39}},{"start":{"line":115,"column":43},"end":{"line":115,"column":58}}],"line":115},"9":{"loc":{"start":{"line":133,"column":12},"end":{"line":133,"column":79}},"type":"binary-expr","locations":[{"start":{"line":133,"column":12},"end":{"line":133,"column":37}},{"start":{"line":133,"column":41},"end":{"line":133,"column":79}}],"line":133},"10":{"loc":{"start":{"line":149,"column":4},"end":{"line":151,"column":5}},"type":"if","locations":[{"start":{"line":149,"column":4},"end":{"line":151,"column":5}},{"start":{},"end":{}}],"line":149},"11":{"loc":{"start":{"line":180,"column":4},"end":{"line":195,"column":5}},"type":"if","locations":[{"start":{"line":180,"column":4},"end":{"line":195,"column":5}},{"start":{"line":184,"column":11},"end":{"line":195,"column":5}}],"line":180}},"s":{"0":6,"1":6,"2":6,"3":1,"4":5,"5":1,"6":4,"7":6,"8":6,"9":17,"10":7,"11":7,"12":18,"13":0,"14":18,"15":18,"16":1,"17":8,"18":8,"19":22,"20":0,"21":22,"22":22,"23":22,"24":1,"25":6,"26":6,"27":20,"28":15,"29":6,"30":6,"31":22,"32":9,"33":9,"34":9,"35":19,"36":5,"37":5,"38":1,"39":4,"40":12,"41":4,"42":4,"43":7,"44":7,"45":17,"46":7,"47":5,"48":12,"49":5,"50":2,"51":3,"52":2},"f":{"0":6,"1":6,"2":17,"3":7,"4":18,"5":8,"6":22,"7":6,"8":20,"9":15,"10":6,"11":22,"12":9,"13":19,"14":5,"15":12,"16":7,"17":17,"18":12,"19":3},"b":{"0":[1,5],"1":[1,4],"2":[0,18],"3":[6,12],"4":[0,22],"5":[7,15],"6":[20,20],"7":[8,7],"8":[22,22],"9":[19,19],"10":[1,4],"11":[5,2]},"_coverageSchema":"1a1c01bbd47fc00a2c39e90264f33305004495a9","hash":"7d0ee20e21924ecc5ead794b6ae1d995c7e7bc40"},"C:\\Users\\steve\\OneDrive\\Desktop\\tasks\\src\\objects.ts":{"path":"C:\\Users\\steve\\OneDrive\\Desktop\\tasks\\src\\objects.ts","statementMap":{"0":{"start":{"line":13,"column":19},"end":{"line":22,"column":5}},"1":{"start":{"line":23,"column":4},"end":{"line":23,"column":20}},"2":{"start":{"line":34,"column":27},"end":{"line":34,"column":42}},"3":{"start":{"line":35,"column":4},"end":{"line":39,"column":5}},"4":{"start":{"line":36,"column":8},"end":{"line":36,"column":20}},"5":{"start":{"line":38,"column":8},"end":{"line":38,"column":21}},"6":{"start":{"line":49,"column":27},"end":{"line":49,"column":42}},"7":{"start":{"line":50,"column":4},"end":{"line":54,"column":5}},"8":{"start":{"line":51,"column":8},"end":{"line":51,"column":20}},"9":{"start":{"line":53,"column":8},"end":{"line":53,"column":58}},"10":{"start":{"line":53,"column":42},"end":{"line":53,"column":56}},"11":{"start":{"line":64,"column":27},"end":{"line":64,"column":42}},"12":{"start":{"line":65,"column":4},"end":{"line":65,"column":51}},"13":{"start":{"line":86,"column":27},"end":{"line":86,"column":42}},"14":{"start":{"line":87,"column":17},"end":{"line":87,"column":52}},"15":{"start":{"line":89,"column":4},"end":{"line":91,"column":5}},"16":{"start":{"line":90,"column":8},"end":{"line":90,"column":74}},"17":{"start":{"line":90,"column":51},"end":{"line":90,"column":61}},"18":{"start":{"line":92,"column":4},"end":{"line":92,"column":18}},"19":{"start":{"line":100,"column":27},"end":{"line":100,"column":42}},"20":{"start":{"line":101,"column":4},"end":{"line":101,"column":24}},"21":{"start":{"line":102,"column":4},"end":{"line":102,"column":16}},"22":{"start":{"line":111,"column":27},"end":{"line":111,"column":42}},"23":{"start":{"line":112,"column":4},"end":{"line":112,"column":37}},"24":{"start":{"line":113,"column":4},"end":{"line":113,"column":16}},"25":{"start":{"line":123,"column":27},"end":{"line":132,"column":5}},"26":{"start":{"line":134,"column":4},"end":{"line":134,"column":16}},"27":{"start":{"line":145,"column":27},"end":{"line":145,"column":42}},"28":{"start":{"line":146,"column":4},"end":{"line":146,"column":48}},"29":{"start":{"line":147,"column":4},"end":{"line":147,"column":16}},"30":{"start":{"line":164,"column":27},"end":{"line":173,"column":5}},"31":{"start":{"line":174,"column":4},"end":{"line":174,"column":16}}},"fnMap":{"0":{"name":"makeBlankQuestion","decl":{"start":{"line":8,"column":16},"end":{"line":8,"column":33}},"loc":{"start":{"line":12,"column":12},"end":{"line":24,"column":1}},"line":12},"1":{"name":"isCorrect","decl":{"start":{"line":33,"column":16},"end":{"line":33,"column":25}},"loc":{"start":{"line":33,"column":71},"end":{"line":40,"column":1}},"line":33},"2":{"name":"isValid","decl":{"start":{"line":48,"column":16},"end":{"line":48,"column":23}},"loc":{"start":{"line":48,"column":69},"end":{"line":55,"column":1}},"line":48},"3":{"name":"(anonymous_3)","decl":{"start":{"line":53,"column":33},"end":{"line":53,"column":34}},"loc":{"start":{"line":53,"column":42},"end":{"line":53,"column":56}},"line":53},"4":{"name":"toShortForm","decl":{"start":{"line":63,"column":16},"end":{"line":63,"column":27}},"loc":{"start":{"line":63,"column":56},"end":{"line":66,"column":1}},"line":63},"5":{"name":"toMarkdown","decl":{"start":{"line":85,"column":16},"end":{"line":85,"column":26}},"loc":{"start":{"line":85,"column":55},"end":{"line":93,"column":1}},"line":85},"6":{"name":"(anonymous_6)","decl":{"start":{"line":90,"column":42},"end":{"line":90,"column":43}},"loc":{"start":{"line":90,"column":51},"end":{"line":90,"column":61}},"line":90},"7":{"name":"renameQuestion","decl":{"start":{"line":99,"column":16},"end":{"line":99,"column":30}},"loc":{"start":{"line":99,"column":78},"end":{"line":103,"column":1}},"line":99},"8":{"name":"publishQuestion","decl":{"start":{"line":110,"column":16},"end":{"line":110,"column":31}},"loc":{"start":{"line":110,"column":62},"end":{"line":114,"column":1}},"line":110},"9":{"name":"duplicateQuestion","decl":{"start":{"line":122,"column":16},"end":{"line":122,"column":33}},"loc":{"start":{"line":122,"column":79},"end":{"line":135,"column":1}},"line":122},"10":{"name":"addOption","decl":{"start":{"line":144,"column":16},"end":{"line":144,"column":25}},"loc":{"start":{"line":144,"column":75},"end":{"line":148,"column":1}},"line":144},"11":{"name":"mergeQuestion","decl":{"start":{"line":158,"column":16},"end":{"line":158,"column":29}},"loc":{"start":{"line":163,"column":12},"end":{"line":175,"column":1}},"line":163}},"branchMap":{"0":{"loc":{"start":{"line":35,"column":4},"end":{"line":39,"column":5}},"type":"if","locations":[{"start":{"line":35,"column":4},"end":{"line":39,"column":5}},{"start":{"line":37,"column":11},"end":{"line":39,"column":5}}],"line":35},"1":{"loc":{"start":{"line":50,"column":4},"end":{"line":54,"column":5}},"type":"if","locations":[{"start":{"line":50,"column":4},"end":{"line":54,"column":5}},{"start":{"line":52,"column":11},"end":{"line":54,"column":5}}],"line":50},"2":{"loc":{"start":{"line":89,"column":4},"end":{"line":91,"column":5}},"type":"if","locations":[{"start":{"line":89,"column":4},"end":{"line":91,"column":5}},{"start":{},"end":{}}],"line":89}},"s":{"0":6,"1":6,"2":14,"3":14,"4":6,"5":8,"6":18,"7":18,"8":8,"9":10,"10":24,"11":5,"12":5,"13":4,"14":4,"15":4,"16":2,"17":6,"18":4,"19":2,"20":2,"21":2,"22":4,"23":4,"24":4,"25":2,"26":2,"27":2,"28":2,"29":2,"30":2,"31":2},"f":{"0":6,"1":14,"2":18,"3":24,"4":5,"5":4,"6":6,"7":2,"8":4,"9":2,"10":2,"11":2},"b":{"0":[6,8],"1":[8,10],"2":[2,2]},"_coverageSchema":"1a1c01bbd47fc00a2c39e90264f33305004495a9","hash":"626e080b708970a991d618f48a28f0d0f0c1334c"},"C:\\Users\\steve\\OneDrive\\Desktop\\tasks\\src\\nested.ts":{"path":"C:\\Users\\steve\\OneDrive\\Desktop\\tasks\\src\\nested.ts","statementMap":{"0":{"start":{"line":10,"column":17},"end":{"line":10,"column":31}},"1":{"start":{"line":11,"column":4},"end":{"line":11,"column":76}},"2":{"start":{"line":11,"column":56},"end":{"line":11,"column":74}},"3":{"start":{"line":20,"column":17},"end":{"line":20,"column":31}},"4":{"start":{"line":21,"column":4},"end":{"line":27,"column":7}},"5":{"start":{"line":22,"column":8},"end":{"line":26,"column":10}},"6":{"start":{"line":38,"column":17},"end":{"line":38,"column":31}},"7":{"start":{"line":39,"column":18},"end":{"line":39,"column":47}},"8":{"start":{"line":39,"column":35},"end":{"line":39,"column":46}},"9":{"start":{"line":40,"column":4},"end":{"line":40,"column":25}},"10":{"start":{"line":49,"column":17},"end":{"line":49,"column":31}},"11":{"start":{"line":50,"column":4},"end":{"line":52,"column":7}},"12":{"start":{"line":51,"column":8},"end":{"line":51,"column":30}},"13":{"start":{"line":61,"column":4},"end":{"line":63,"column":7}},"14":{"start":{"line":62,"column":8},"end":{"line":62,"column":22}},"15":{"start":{"line":72,"column":4},"end":{"line":77,"column":8}},"16":{"start":{"line":72,"column":33},"end":{"line":77,"column":5}},"17":{"start":{"line":86,"column":4},"end":{"line":88,"column":7}},"18":{"start":{"line":87,"column":8},"end":{"line":87,"column":41}},"19":{"start":{"line":103,"column":17},"end":{"line":103,"column":66}},"20":{"start":{"line":104,"column":4},"end":{"line":104,"column":16}},"21":{"start":{"line":119,"column":4},"end":{"line":121,"column":6}},"22":{"start":{"line":120,"column":8},"end":{"line":120,"column":76}},"23":{"start":{"line":142,"column":4},"end":{"line":164,"column":7}},"24":{"start":{"line":143,"column":8},"end":{"line":145,"column":9}},"25":{"start":{"line":144,"column":12},"end":{"line":144,"column":28}},"26":{"start":{"line":148,"column":8},"end":{"line":159,"column":9}},"27":{"start":{"line":149,"column":12},"end":{"line":149,"column":62}},"28":{"start":{"line":150,"column":15},"end":{"line":159,"column":9}},"29":{"start":{"line":154,"column":12},"end":{"line":156,"column":14}},"30":{"start":{"line":155,"column":16},"end":{"line":155,"column":59}},"31":{"start":{"line":158,"column":12},"end":{"line":158,"column":51}},"32":{"start":{"line":160,"column":8},"end":{"line":163,"column":10}}},"fnMap":{"0":{"name":"getPublishedQuestions","decl":{"start":{"line":9,"column":16},"end":{"line":9,"column":37}},"loc":{"start":{"line":9,"column":73},"end":{"line":12,"column":1}},"line":9},"1":{"name":"(anonymous_1)","decl":{"start":{"line":11,"column":23},"end":{"line":11,"column":24}},"loc":{"start":{"line":11,"column":56},"end":{"line":11,"column":74}},"line":11},"2":{"name":"getNonEmptyQuestions","decl":{"start":{"line":19,"column":16},"end":{"line":19,"column":36}},"loc":{"start":{"line":19,"column":72},"end":{"line":28,"column":1}},"line":19},"3":{"name":"(anonymous_3)","decl":{"start":{"line":21,"column":23},"end":{"line":21,"column":24}},"loc":{"start":{"line":21,"column":30},"end":{"line":27,"column":5}},"line":21},"4":{"name":"findQuestion","decl":{"start":{"line":34,"column":16},"end":{"line":34,"column":28}},"loc":{"start":{"line":37,"column":19},"end":{"line":41,"column":1}},"line":37},"5":{"name":"(anonymous_5)","decl":{"start":{"line":39,"column":28},"end":{"line":39,"column":29}},"loc":{"start":{"line":39,"column":35},"end":{"line":39,"column":46}},"line":39},"6":{"name":"removeQuestion","decl":{"start":{"line":48,"column":16},"end":{"line":48,"column":30}},"loc":{"start":{"line":48,"column":78},"end":{"line":53,"column":1}},"line":48},"7":{"name":"(anonymous_7)","decl":{"start":{"line":50,"column":23},"end":{"line":50,"column":24}},"loc":{"start":{"line":50,"column":30},"end":{"line":52,"column":5}},"line":50},"8":{"name":"getNames","decl":{"start":{"line":60,"column":16},"end":{"line":60,"column":24}},"loc":{"start":{"line":60,"column":58},"end":{"line":64,"column":1}},"line":60},"9":{"name":"(anonymous_9)","decl":{"start":{"line":61,"column":25},"end":{"line":61,"column":26}},"loc":{"start":{"line":61,"column":32},"end":{"line":63,"column":5}},"line":61},"10":{"name":"makeAnswers","decl":{"start":{"line":71,"column":16},"end":{"line":71,"column":27}},"loc":{"start":{"line":71,"column":61},"end":{"line":78,"column":1}},"line":71},"11":{"name":"(anonymous_11)","decl":{"start":{"line":72,"column":25},"end":{"line":72,"column":26}},"loc":{"start":{"line":72,"column":33},"end":{"line":77,"column":5}},"line":72},"12":{"name":"publishAll","decl":{"start":{"line":85,"column":16},"end":{"line":85,"column":26}},"loc":{"start":{"line":85,"column":62},"end":{"line":89,"column":1}},"line":85},"13":{"name":"(anonymous_13)","decl":{"start":{"line":86,"column":25},"end":{"line":86,"column":26}},"loc":{"start":{"line":86,"column":32},"end":{"line":88,"column":5}},"line":86},"14":{"name":"addNewQuestion","decl":{"start":{"line":97,"column":16},"end":{"line":97,"column":30}},"loc":{"start":{"line":102,"column":14},"end":{"line":105,"column":1}},"line":102},"15":{"name":"renameQuestionById","decl":{"start":{"line":114,"column":16},"end":{"line":114,"column":34}},"loc":{"start":{"line":118,"column":14},"end":{"line":122,"column":1}},"line":118},"16":{"name":"(anonymous_16)","decl":{"start":{"line":119,"column":25},"end":{"line":119,"column":26}},"loc":{"start":{"line":120,"column":8},"end":{"line":120,"column":76}},"line":120},"17":{"name":"editOption","decl":{"start":{"line":136,"column":16},"end":{"line":136,"column":26}},"loc":{"start":{"line":141,"column":14},"end":{"line":165,"column":1}},"line":141},"18":{"name":"(anonymous_18)","decl":{"start":{"line":142,"column":25},"end":{"line":142,"column":26}},"loc":{"start":{"line":142,"column":39},"end":{"line":164,"column":5}},"line":142},"19":{"name":"(anonymous_19)","decl":{"start":{"line":154,"column":50},"end":{"line":154,"column":51}},"loc":{"start":{"line":155,"column":16},"end":{"line":155,"column":59}},"line":155}},"branchMap":{"0":{"loc":{"start":{"line":23,"column":12},"end":{"line":25,"column":34}},"type":"binary-expr","locations":[{"start":{"line":23,"column":12},"end":{"line":23,"column":32}},{"start":{"line":24,"column":12},"end":{"line":24,"column":36}},{"start":{"line":25,"column":12},"end":{"line":25,"column":34}}],"line":23},"1":{"loc":{"start":{"line":40,"column":11},"end":{"line":40,"column":24}},"type":"binary-expr","locations":[{"start":{"line":40,"column":11},"end":{"line":40,"column":16}},{"start":{"line":40,"column":20},"end":{"line":40,"column":24}}],"line":40},"2":{"loc":{"start":{"line":120,"column":8},"end":{"line":120,"column":76}},"type":"cond-expr","locations":[{"start":{"line":120,"column":35},"end":{"line":120,"column":65}},{"start":{"line":120,"column":68},"end":{"line":120,"column":76}}],"line":120},"3":{"loc":{"start":{"line":143,"column":8},"end":{"line":145,"column":9}},"type":"if","locations":[{"start":{"line":143,"column":8},"end":{"line":145,"column":9}},{"start":{},"end":{}}],"line":143},"4":{"loc":{"start":{"line":148,"column":8},"end":{"line":159,"column":9}},"type":"if","locations":[{"start":{"line":148,"column":8},"end":{"line":159,"column":9}},{"start":{"line":150,"column":15},"end":{"line":159,"column":9}}],"line":148},"5":{"loc":{"start":{"line":150,"column":15},"end":{"line":159,"column":9}},"type":"if","locations":[{"start":{"line":150,"column":15},"end":{"line":159,"column":9}},{"start":{"line":157,"column":15},"end":{"line":159,"column":9}}],"line":150},"6":{"loc":{"start":{"line":151,"column":12},"end":{"line":152,"column":55}},"type":"binary-expr","locations":[{"start":{"line":151,"column":12},"end":{"line":151,"column":34}},{"start":{"line":152,"column":12},"end":{"line":152,"column":55}}],"line":151},"7":{"loc":{"start":{"line":155,"column":16},"end":{"line":155,"column":59}},"type":"cond-expr","locations":[{"start":{"line":155,"column":44},"end":{"line":155,"column":53}},{"start":{"line":155,"column":56},"end":{"line":155,"column":59}}],"line":155}},"s":{"0":5,"1":5,"2":20,"3":5,"4":5,"5":20,"6":11,"7":11,"8":24,"9":11,"10":5,"11":5,"12":17,"13":5,"14":20,"15":5,"16":20,"17":5,"18":20,"19":3,"20":3,"21":3,"22":10,"23":5,"24":18,"25":13,"26":5,"27":3,"28":2,"29":2,"30":6,"31":0,"32":5},"f":{"0":5,"1":20,"2":5,"3":20,"4":11,"5":24,"6":5,"7":17,"8":5,"9":20,"10":5,"11":20,"12":5,"13":20,"14":3,"15":3,"16":10,"17":5,"18":18,"19":6},"b":{"0":[20,6,4],"1":[11,3],"2":[3,7],"3":[13,5],"4":[3,2],"5":[2,0],"6":[2,2],"7":[2,4]},"_coverageSchema":"1a1c01bbd47fc00a2c39e90264f33305004495a9","hash":"492fb8f458737850446bf5a4de8efb8d6600fadc"},"C:\\Users\\steve\\OneDrive\\Desktop\\tasks\\src\\components\\Counter.tsx":{"path":"C:\\Users\\steve\\OneDrive\\Desktop\\tasks\\src\\components\\Counter.tsx","statementMap":{"0":{"start":{"line":5,"column":30},"end":{"line":5,"column":49}},"1":{"start":{"line":6,"column":4},"end":{"line":11,"column":6}},"2":{"start":{"line":8,"column":36},"end":{"line":8,"column":55}}},"fnMap":{"0":{"name":"Counter","decl":{"start":{"line":4,"column":16},"end":{"line":4,"column":23}},"loc":{"start":{"line":4,"column":45},"end":{"line":12,"column":1}},"line":4},"1":{"name":"(anonymous_1)","decl":{"start":{"line":8,"column":29},"end":{"line":8,"column":30}},"loc":{"start":{"line":8,"column":35},"end":{"line":8,"column":56}},"line":8}},"branchMap":{},"s":{"0":9,"1":9,"2":3},"f":{"0":9,"1":3},"b":{},"_coverageSchema":"1a1c01bbd47fc00a2c39e90264f33305004495a9","hash":"67d92c3d549c4b2a9008ee681e914179971f39fc"},"C:\\Users\\steve\\OneDrive\\Desktop\\tasks\\src\\components\\ChangeType.tsx":{"path":"C:\\Users\\steve\\OneDrive\\Desktop\\tasks\\src\\components\\ChangeType.tsx","statementMap":{"0":{"start":{"line":6,"column":28},"end":{"line":6,"column":75}},"1":{"start":{"line":9,"column":8},"end":{"line":13,"column":9}},"2":{"start":{"line":10,"column":12},"end":{"line":10,"column":45}},"3":{"start":{"line":12,"column":12},"end":{"line":12,"column":48}},"4":{"start":{"line":15,"column":4},"end":{"line":22,"column":6}}},"fnMap":{"0":{"name":"ChangeType","decl":{"start":{"line":5,"column":16},"end":{"line":5,"column":26}},"loc":{"start":{"line":5,"column":48},"end":{"line":23,"column":1}},"line":5},"1":{"name":"typeChange","decl":{"start":{"line":8,"column":13},"end":{"line":8,"column":23}},"loc":{"start":{"line":8,"column":32},"end":{"line":14,"column":5}},"line":8}},"branchMap":{"0":{"loc":{"start":{"line":9,"column":8},"end":{"line":13,"column":9}},"type":"if","locations":[{"start":{"line":9,"column":8},"end":{"line":13,"column":9}},{"start":{"line":11,"column":15},"end":{"line":13,"column":9}}],"line":9},"1":{"loc":{"start":{"line":18,"column":13},"end":{"line":20,"column":41}},"type":"cond-expr","locations":[{"start":{"line":19,"column":16},"end":{"line":19,"column":44}},{"start":{"line":20,"column":16},"end":{"line":20,"column":41}}],"line":18}},"s":{"0":9,"1":3,"2":1,"3":2,"4":9},"f":{"0":9,"1":3},"b":{"0":[1,2],"1":[2,7]},"_coverageSchema":"1a1c01bbd47fc00a2c39e90264f33305004495a9","hash":"3d0fc3e84d01f8ab843af3f558606fa8cba27d23"},"C:\\Users\\steve\\OneDrive\\Desktop\\tasks\\src\\components\\RevealAnswer.tsx":{"path":"C:\\Users\\steve\\OneDrive\\Desktop\\tasks\\src\\components\\RevealAnswer.tsx","statementMap":{"0":{"start":{"line":5,"column":34},"end":{"line":5,"column":58}},"1":{"start":{"line":8,"column":8},"end":{"line":8,"column":29}},"2":{"start":{"line":10,"column":4},"end":{"line":15,"column":6}}},"fnMap":{"0":{"name":"RevealAnswer","decl":{"start":{"line":4,"column":16},"end":{"line":4,"column":28}},"loc":{"start":{"line":4,"column":50},"end":{"line":16,"column":1}},"line":4},"1":{"name":"flipVisibility","decl":{"start":{"line":7,"column":13},"end":{"line":7,"column":27}},"loc":{"start":{"line":7,"column":36},"end":{"line":9,"column":5}},"line":7}},"branchMap":{"0":{"loc":{"start":{"line":13,"column":13},"end":{"line":13,"column":37}},"type":"binary-expr","locations":[{"start":{"line":13,"column":13},"end":{"line":13,"column":20}},{"start":{"line":13,"column":24},"end":{"line":13,"column":37}}],"line":13}},"s":{"0":8,"1":3,"2":8},"f":{"0":8,"1":3},"b":{"0":[8,2]},"_coverageSchema":"1a1c01bbd47fc00a2c39e90264f33305004495a9","hash":"5221712be87394f0528a7867c060cd5bdb1a3e4c"},"C:\\Users\\steve\\OneDrive\\Desktop\\tasks\\src\\components\\TwoDice.tsx":{"path":"C:\\Users\\steve\\OneDrive\\Desktop\\tasks\\src\\components\\TwoDice.tsx","statementMap":{"0":{"start":{"line":11,"column":4},"end":{"line":11,"column":45}},"1":{"start":{"line":15,"column":35},"end":{"line":15,"column":54}},"2":{"start":{"line":16,"column":35},"end":{"line":16,"column":54}},"3":{"start":{"line":17,"column":4},"end":{"line":45,"column":6}},"4":{"start":{"line":22,"column":24},"end":{"line":22,"column":40}},"5":{"start":{"line":32,"column":24},"end":{"line":32,"column":40}}},"fnMap":{"0":{"name":"d6","decl":{"start":{"line":10,"column":16},"end":{"line":10,"column":18}},"loc":{"start":{"line":10,"column":29},"end":{"line":12,"column":1}},"line":10},"1":{"name":"TwoDice","decl":{"start":{"line":14,"column":16},"end":{"line":14,"column":23}},"loc":{"start":{"line":14,"column":45},"end":{"line":46,"column":1}},"line":14},"2":{"name":"(anonymous_2)","decl":{"start":{"line":21,"column":29},"end":{"line":21,"column":30}},"loc":{"start":{"line":21,"column":35},"end":{"line":23,"column":21}},"line":21},"3":{"name":"(anonymous_3)","decl":{"start":{"line":31,"column":29},"end":{"line":31,"column":30}},"loc":{"start":{"line":31,"column":35},"end":{"line":33,"column":21}},"line":31}},"branchMap":{"0":{"loc":{"start":{"line":39,"column":13},"end":{"line":43,"column":29}},"type":"cond-expr","locations":[{"start":{"line":40,"column":16},"end":{"line":40,"column":33}},{"start":{"line":41,"column":14},"end":{"line":43,"column":29}}],"line":39},"1":{"loc":{"start":{"line":39,"column":13},"end":{"line":39,"column":74}},"type":"binary-expr","locations":[{"start":{"line":39,"column":13},"end":{"line":39,"column":36}},{"start":{"line":39,"column":40},"end":{"line":39,"column":55}},{"start":{"line":39,"column":59},"end":{"line":39,"column":74}}],"line":39},"2":{"loc":{"start":{"line":41,"column":14},"end":{"line":43,"column":29}},"type":"cond-expr","locations":[{"start":{"line":42,"column":16},"end":{"line":42,"column":32}},{"start":{"line":43,"column":16},"end":{"line":43,"column":29}}],"line":41},"3":{"loc":{"start":{"line":41,"column":14},"end":{"line":41,"column":75}},"type":"binary-expr","locations":[{"start":{"line":41,"column":14},"end":{"line":41,"column":37}},{"start":{"line":41,"column":41},"end":{"line":41,"column":56}},{"start":{"line":41,"column":60},"end":{"line":41,"column":75}}],"line":41}},"s":{"0":17,"1":25,"2":25,"3":25,"4":8,"5":9},"f":{"0":17,"1":25,"2":8,"3":9},"b":{"0":[5,20],"1":[25,6,5],"2":[1,19],"3":[20,1,1]},"_coverageSchema":"1a1c01bbd47fc00a2c39e90264f33305004495a9","hash":"ce92d03de69fd2cece1c4aeeb54fd4ee763a6d0b"},"C:\\Users\\steve\\OneDrive\\Desktop\\tasks\\src\\App.tsx":{"path":"C:\\Users\\steve\\OneDrive\\Desktop\\tasks\\src\\App.tsx","statementMap":{"0":{"start":{"line":9,"column":4},"end":{"line":26,"column":6}}},"fnMap":{"0":{"name":"App","decl":{"start":{"line":8,"column":9},"end":{"line":8,"column":12}},"loc":{"start":{"line":8,"column":34},"end":{"line":27,"column":1}},"line":8}},"branchMap":{},"s":{"0":1},"f":{"0":1},"b":{},"_coverageSchema":"1a1c01bbd47fc00a2c39e90264f33305004495a9","hash":"ce38a0ad0d72fa543e7a579bf75f3c52b896a2b6"},"C:\\Users\\steve\\OneDrive\\Desktop\\tasks\\src\\functions.ts":{"path":"C:\\Users\\steve\\OneDrive\\Desktop\\tasks\\src\\functions.ts","statementMap":{"0":{"start":{"line":7,"column":4},"end":{"line":7,"column":40}},"1":{"start":{"line":15,"column":14},"end":{"line":15,"column":15}},"2":{"start":{"line":16,"column":4},"end":{"line":18,"column":5}},"3":{"start":{"line":17,"column":8},"end":{"line":17,"column":26}},"4":{"start":{"line":19,"column":4},"end":{"line":21,"column":5}},"5":{"start":{"line":20,"column":8},"end":{"line":20,"column":27}},"6":{"start":{"line":22,"column":4},"end":{"line":24,"column":5}},"7":{"start":{"line":23,"column":8},"end":{"line":23,"column":26}},"8":{"start":{"line":25,"column":4},"end":{"line":25,"column":15}},"9":{"start":{"line":33,"column":20},"end":{"line":33,"column":41}},"10":{"start":{"line":34,"column":4},"end":{"line":34,"column":27}},"11":{"start":{"line":42,"column":19},"end":{"line":42,"column":33}},"12":{"start":{"line":43,"column":4},"end":{"line":43,"column":42}},"13":{"start":{"line":52,"column":4},"end":{"line":58,"column":5}},"14":{"start":{"line":53,"column":8},"end":{"line":53,"column":20}},"15":{"start":{"line":54,"column":11},"end":{"line":58,"column":5}},"16":{"start":{"line":55,"column":8},"end":{"line":55,"column":21}},"17":{"start":{"line":57,"column":8},"end":{"line":57,"column":20}}},"fnMap":{"0":{"name":"fahrenheitToCelius","decl":{"start":{"line":6,"column":16},"end":{"line":6,"column":34}},"loc":{"start":{"line":6,"column":64},"end":{"line":8,"column":1}},"line":6},"1":{"name":"add3","decl":{"start":{"line":14,"column":16},"end":{"line":14,"column":20}},"loc":{"start":{"line":14,"column":75},"end":{"line":26,"column":1}},"line":14},"2":{"name":"shout","decl":{"start":{"line":32,"column":16},"end":{"line":32,"column":21}},"loc":{"start":{"line":32,"column":47},"end":{"line":35,"column":1}},"line":32},"3":{"name":"isQuestion","decl":{"start":{"line":41,"column":16},"end":{"line":41,"column":26}},"loc":{"start":{"line":41,"column":53},"end":{"line":44,"column":1}},"line":41},"4":{"name":"convertYesNo","decl":{"start":{"line":51,"column":16},"end":{"line":51,"column":28}},"loc":{"start":{"line":51,"column":59},"end":{"line":59,"column":1}},"line":51}},"branchMap":{"0":{"loc":{"start":{"line":16,"column":4},"end":{"line":18,"column":5}},"type":"if","locations":[{"start":{"line":16,"column":4},"end":{"line":18,"column":5}},{"start":{},"end":{}}],"line":16},"1":{"loc":{"start":{"line":19,"column":4},"end":{"line":21,"column":5}},"type":"if","locations":[{"start":{"line":19,"column":4},"end":{"line":21,"column":5}},{"start":{},"end":{}}],"line":19},"2":{"loc":{"start":{"line":22,"column":4},"end":{"line":24,"column":5}},"type":"if","locations":[{"start":{"line":22,"column":4},"end":{"line":24,"column":5}},{"start":{},"end":{}}],"line":22},"3":{"loc":{"start":{"line":43,"column":11},"end":{"line":43,"column":41}},"type":"cond-expr","locations":[{"start":{"line":43,"column":29},"end":{"line":43,"column":33}},{"start":{"line":43,"column":36},"end":{"line":43,"column":41}}],"line":43},"4":{"loc":{"start":{"line":52,"column":4},"end":{"line":58,"column":5}},"type":"if","locations":[{"start":{"line":52,"column":4},"end":{"line":58,"column":5}},{"start":{"line":54,"column":11},"end":{"line":58,"column":5}}],"line":52},"5":{"loc":{"start":{"line":52,"column":8},"end":{"line":52,"column":38}},"type":"binary-expr","locations":[{"start":{"line":52,"column":8},"end":{"line":52,"column":21}},{"start":{"line":52,"column":25},"end":{"line":52,"column":38}}],"line":52},"6":{"loc":{"start":{"line":54,"column":11},"end":{"line":58,"column":5}},"type":"if","locations":[{"start":{"line":54,"column":11},"end":{"line":58,"column":5}},{"start":{"line":56,"column":11},"end":{"line":58,"column":5}}],"line":54},"7":{"loc":{"start":{"line":54,"column":15},"end":{"line":54,"column":43}},"type":"binary-expr","locations":[{"start":{"line":54,"column":15},"end":{"line":54,"column":27}},{"start":{"line":54,"column":31},"end":{"line":54,"column":43}}],"line":54}},"s":{"0":7,"1":6,"2":6,"3":4,"4":6,"5":3,"6":6,"7":4,"8":6,"9":6,"10":6,"11":7,"12":7,"13":9,"14":2,"15":7,"16":2,"17":5},"f":{"0":7,"1":6,"2":6,"3":7,"4":9},"b":{"0":[4,2],"1":[3,3],"2":[4,2],"3":[3,4],"4":[2,7],"5":[9,8],"6":[2,5],"7":[7,6]},"_coverageSchema":"1a1c01bbd47fc00a2c39e90264f33305004495a9","hash":"221ad570af89002ae7938a68cb29a2d92ecd0e75"},"C:\\Users\\steve\\OneDrive\\Desktop\\tasks\\src\\interfaces\\question.ts":{"path":"C:\\Users\\steve\\OneDrive\\Desktop\\tasks\\src\\interfaces\\question.ts","statementMap":{},"fnMap":{},"branchMap":{},"s":{},"f":{},"b":{}},"C:\\Users\\steve\\OneDrive\\Desktop\\tasks\\src\\interfaces\\answer.ts":{"path":"C:\\Users\\steve\\OneDrive\\Desktop\\tasks\\src\\interfaces\\answer.ts","statementMap":{},"fnMap":{},"branchMap":{},"s":{},"f":{},"b":{}}}}